<?xml version="1.0" encoding="UTF-8"?>
<!-- Generated by org.testng.reporters.JUnitReportReporter -->
<testsuite hostname="HSPUNELP68" failures="0" tests="1" name="Login.Launch_Url" time="10.195" errors="0" timestamp="2024-02-02T12:30:00 IST" skipped="0">
  <testcase classname="Login.Launch_Url" name="setup" time="10.195"/>
</testsuite> <!-- Login.Launch_Url -->
